<testsuite failures="2" name="reqresTest.feature" skipped="0" tests="7" time="4.197105"><testcase classname="reqresTest" name="Validar respuesta de usuario numero 2" time="1.588556"><system-out>* url 'https://reqres.in/' ................................................ passed
Given path '/api/user/2' .................................................. passed
And def body_request = read('classpath:singleUserSucces.json') ............ passed
And request body_request .................................................. passed
When method GET ........................................................... passed
Then status 200 ........................................................... passed
And match response.data.id == 2 ........................................... passed
</system-out></testcase>
<testcase classname="reqresTest" name="Validar respuesta de usuario numero 2" time="0.29946"><failure message="status code was: 200, expected: 201, response time in milliseconds: 257, url: https://reqres.in/api/user/2, response: &#10;{&quot;data&quot;:{&quot;id&quot;:2,&quot;name&quot;:&quot;fuchsia rose&quot;,&quot;year&quot;:2001,&quot;color&quot;:&quot;#C74375&quot;,&quot;pantone_value&quot;:&quot;17-2031&quot;},&quot;support&quot;:{&quot;url&quot;:&quot;https://contentcaddy.io?utm_source=reqres&amp;utm_medium=json&amp;utm_campaign=referral&quot;,&quot;text&quot;:&quot;Tired of writing endless social media content? Let Content Caddy generate it for you.&quot;}}&#10;classpath:reqresTest.feature:23">* url 'https://reqres.in/' ................................................ passed
Given path '/api/user/2' .................................................. passed
And def body_request = read('classpath:singleUserSucces.json') ............ passed
And request body_request .................................................. passed
When method GET ........................................................... passed
Then status 201 ........................................................... failed

Stack Trace:
com.intuit.karate.KarateException: status code was: 200, expected: 201, response time in milliseconds: 257, url: https://reqres.in/api/user/2, response: 
{"data":{"id":2,"name":"fuchsia rose","year":2001,"color":"#C74375","pantone_value":"17-2031"},"support":{"url":"https://contentcaddy.io?utm_source=reqres&amp;utm_medium=json&amp;utm_campaign=referral","text":"Tired of writing endless social media content? Let Content Caddy generate it for you."}}
classpath:reqresTest.feature:23&#13;
	at &lt;feature&gt;.: Then status 201 (classpath:reqresTest.feature:23:23)&#13;

And match response.data.id == 2 ........................................... skipped
</failure></testcase>
<testcase classname="reqresTest" name="Validar respuesta usuairo fallido" time="0.525611"><system-out>* url 'https://reqres.in/' ................................................ passed
Given path '/api/users/23' ................................................ passed
When method GET ........................................................... passed
Then status 404 ........................................................... passed
</system-out></testcase>
<testcase classname="reqresTest" name="Validar respuesta usuairo fallido" time="0.270829"><failure message="status code was: 404, expected: 200, response time in milliseconds: 264, url: https://reqres.in/api/users/23, response: &#10;{}&#10;classpath:reqresTest.feature:38">* url 'https://reqres.in/' ................................................ passed
Given path '/api/users/23' ................................................ passed
When method GET ........................................................... passed
Then status 200 ........................................................... failed

Stack Trace:
com.intuit.karate.KarateException: status code was: 404, expected: 200, response time in milliseconds: 264, url: https://reqres.in/api/users/23, response: 
{}
classpath:reqresTest.feature:38&#13;
	at &lt;feature&gt;.: Then status 200 (classpath:reqresTest.feature:38:38)&#13;

</failure></testcase>
<testcase classname="reqresTest" name="Validar respuesta de crear usuairo" time="0.457249"><system-out>* url 'https://reqres.in/' ................................................ passed
Given path '/api/user' .................................................... passed
And def body_request = read('classpath:createUserSuccess.json') ........... passed
And request body_request .................................................. passed
When method POST .......................................................... passed
Then status 201 ........................................................... passed
And match response.name == 'morpheus' ..................................... passed
</system-out></testcase>
<testcase classname="reqresTest" name="Validar respuesta de login exitoso" time="0.548507"><system-out>* url 'https://reqres.in/' ................................................ passed
Given path '/api/login' ................................................... passed
And def body_request = read('classpath:loginSuccessfulSuccess.json') ...... passed
And request body_request .................................................. passed
When method POST .......................................................... passed
Then status 200 ........................................................... passed
And match response.token == 'QpwL5tke4Pnpja7X4' ........................... passed
</system-out></testcase>
<testcase classname="reqresTest" name="Validar respuesta de login fallido" time="0.506894"><system-out>* url 'https://reqres.in/' ................................................ passed
Given path '/api/login' ................................................... passed
And def body_request = read('classpath:loginSuccessFail.json') ............ passed
And request body_request .................................................. passed
When method POST .......................................................... passed
Then status 400 ........................................................... passed
And match response.error == 'user not found' .............................. passed
</system-out></testcase>
</testsuite>